08:25:35.590 [main] INFO  c.s.ScotiaBank.Service.AuditLog - username = nullaction = getAccountDetailsinput = 1timeStamp = 1701091535585comments = success
08:26:57.469 [main] INFO  c.s.ScotiaBank.Service.AuditLog - username = AccountController::getAccountDetailsaction = AccessDeniedExceptioninput = 3timeStamp = 1701091617466comments = failed
08:27:38.410 [main] INFO  c.s.ScotiaBank.Service.AuditLog - username = nullaction = getAccountDetailsinput = 1timeStamp = 1701091658409comments = success
08:27:38.462 [main] INFO  c.s.ScotiaBank.Service.AuditLog - username = AccountController::getAccountDetailsaction = AccessDeniedExceptioninput = 3timeStamp = 1701091658462comments = failed
08:27:38.485 [main] INFO  c.s.ScotiaBank.Service.AuditLog - username = action = AccountNotFoundExceptioninput = 2timeStamp = 1701091658485comments = failed
08:38:56.130 [main] INFO  c.s.ScotiaBank.Service.AuditLog - username = nullaction = getAccountDetailsinput = 1timeStamp = 1701092336128comments = success
08:38:56.197 [main] INFO  c.s.ScotiaBank.Service.AuditLog - username = AccountController::getAccountDetailsaction = AccessDeniedExceptioninput = 3timeStamp = 1701092336197comments = failed
08:38:56.215 [main] INFO  c.s.ScotiaBank.Service.AuditLog - username = action = AccountNotFoundExceptioninput = 2timeStamp = 1701092336215comments = failed
08:49:59.361 [main] INFO  c.s.ScotiaBank.Service.AuditLog - username = nullaction = getAccountDetailsinput = 1timeStamp = 1701092999361comments = success
08:49:59.393 [main] INFO  c.s.ScotiaBank.Service.AuditLog - username = AccountController::getAccountDetailsaction = AccessDeniedExceptioninput = 3timeStamp = 1701092999393comments = failed
08:49:59.411 [main] INFO  c.s.ScotiaBank.Service.AuditLog - username = action = AccountNotFoundExceptioninput = 2timeStamp = 1701092999411comments = failed
08:52:07.048 [main] INFO  c.s.ScotiaBank.Service.AuditLog - username = nullaction = getAccountDetailsinput = 1timeStamp = 1701093127047comments = success
08:52:07.101 [main] INFO  c.s.ScotiaBank.Service.AuditLog - username = AccountController::getAccountDetailsaction = AccessDeniedExceptioninput = 3timeStamp = 1701093127101comments = failed
08:52:07.113 [main] INFO  c.s.ScotiaBank.Service.AuditLog - username = action = AccountNotFoundExceptioninput = 2timeStamp = 1701093127113comments = failed
08:53:16.356 [main] INFO  c.s.ScotiaBank.Service.AuditLog - username = nullaction = getAccountDetailsinput = 1timeStamp = 1701093196353comments = success
08:53:16.406 [main] INFO  c.s.ScotiaBank.Service.AuditLog - username = AccountController::getAccountDetailsaction = AccessDeniedExceptioninput = 3timeStamp = 1701093196406comments = failed
08:53:16.429 [main] INFO  c.s.ScotiaBank.Service.AuditLog - username = action = AccountNotFoundExceptioninput = 2timeStamp = 1701093196429comments = failed
09:03:03.925 [main] INFO  c.s.ScotiaBank.Service.AuditLog - username = nullaction = getAccountDetailsinput = 1timeStamp = 1701093783925comments = success
09:03:03.968 [main] INFO  c.s.ScotiaBank.Service.AuditLog - username = AccountController::getAccountDetailsaction = AccessDeniedExceptioninput = 3timeStamp = 1701093783968comments = failed
09:03:03.986 [main] INFO  c.s.ScotiaBank.Service.AuditLog - username = action = AccountNotFoundExceptioninput = 2timeStamp = 1701093783986comments = failed
09:04:12.314 [main] INFO  c.s.ScotiaBank.Service.AuditLog - username = nullaction = getAccountDetailsinput = 1timeStamp = 1701093852313comments = success
09:04:12.365 [main] INFO  c.s.ScotiaBank.Service.AuditLog - username = AccountController::getAccountDetailsaction = AccessDeniedExceptioninput = 3timeStamp = 1701093852365comments = failed
09:04:12.391 [main] INFO  c.s.ScotiaBank.Service.AuditLog - username = action = AccountNotFoundExceptioninput = 2timeStamp = 1701093852390comments = failed
11:57:51.684 [http-nio-8080-exec-1] INFO  c.s.S.S.i.CustomUserDetailsServiceImpl -  user loadUserByUsernameUser(id=7, firstName=Aarthi, lastName=Thirunavukkarasu, email=aarthi@example.com, createdAt=2023-11-27T02:58:51.465574, updateAt=2023-11-27T02:58:51.465574, username=aarthi, password=$2a$10$KwJav5Q3OccLq8hLIe6I7OAfEVtr9e41gfXsvAasSI2Mm9vihQA1m, role=ROLE_ADMIN)
11:57:52.028 [http-nio-8080-exec-1] INFO  c.s.S.S.impl.TransactionServiceImpl - TransactionServiceImplcom.scotiaBank.ScotiaBank.Entity.AccountEntity@49b39f96
11:57:52.119 [http-nio-8080-exec-1] ERROR c.s.S.S.impl.TransactionServiceImpl - TransactionServiceImplorg.springframework.mail.MailSendException: Mail server connection failed. Failed messages: org.eclipse.angus.mail.util.MailConnectException: Couldn't connect to host, port: localhost, 25; timeout -1;
  nested exception is:
	java.net.ConnectException: Connection refused: connect; message exceptions (1) are:
Failed message 1: org.eclipse.angus.mail.util.MailConnectException: Couldn't connect to host, port: localhost, 25; timeout -1;
  nested exception is:
	java.net.ConnectException: Connection refused: connect
11:57:52.143 [http-nio-8080-exec-1] INFO  c.s.ScotiaBank.Service.AuditLog - username = Transactions(id=52894892, transactionType=deposit, amount=7562.5, transactionTimeStamp=Mon Nov 27 11:57:51 EST 2023, accountID=1033050800, inFlowAmount=1000.0, outFlowAmount=0.0, username=art)action = performTransactioninput = Transactions(id=0, transactionType=deposit, amount=1000.0, transactionTimeStamp=string, accountID=1033050800, inFlowAmount=100.0, outFlowAmount=0.0, username=art)timeStamp = 1701104272142comments = success
12:00:00.733 [scheduling-1] INFO  c.s.ScotiaBank.Service.AuditLog - username = BatchJobaction = updating interestinput = 1033050800timeStamp = 1701104400733comments = Updating Balance 7940.625
13:24:57.713 [http-nio-8080-exec-2] INFO  c.s.S.S.impl.AuthenicateServiceImpl - AuthenicateServiceImpl::signup newuser
13:25:18.020 [http-nio-8080-exec-3] INFO  c.s.S.S.impl.AuthenicateServiceImpl -  JwtAuthenticationResponse::signin SignInRequest(username=newuser, password=secretpassword)
13:25:18.172 [http-nio-8080-exec-3] INFO  c.s.S.S.i.CustomUserDetailsServiceImpl -  user loadUserByUsernameUser(id=9, firstName=Aarthi, lastName=Thirunavukkarasu, email=aarthi@example.com, createdAt=2023-11-27T13:24:57.714595, updateAt=2023-11-27T13:24:57.714595, username=newuser, password=$2a$10$XVw8/CM1G/J.5VViotLJz.qMPr8Y/HqpMelqZ5SnF5/cMrEWwOQqG, role=ROLE_ADMIN)
13:25:18.250 [http-nio-8080-exec-3] INFO  c.s.S.S.impl.AuthenicateServiceImpl - AuthenicateServiceImpl::signin newuser
13:25:18.254 [http-nio-8080-exec-3] INFO  c.s.S.S.impl.AuthenicateServiceImpl -  JwtAuthenticationResponse::signin User(id=9, firstName=Aarthi, lastName=Thirunavukkarasu, email=aarthi@example.com, createdAt=2023-11-27T13:24:57.714595, updateAt=2023-11-27T13:24:57.714595, username=newuser, password=$2a$10$XVw8/CM1G/J.5VViotLJz.qMPr8Y/HqpMelqZ5SnF5/cMrEWwOQqG, role=ROLE_ADMIN)
13:25:18.254 [http-nio-8080-exec-3] INFO  c.s.S.S.impl.AuthenicateServiceImpl -  JwtAuthenticationResponse::signin Auth completed
13:25:43.307 [http-nio-8080-exec-4] INFO  c.s.S.S.i.CustomUserDetailsServiceImpl -  user loadUserByUsernameUser(id=9, firstName=Aarthi, lastName=Thirunavukkarasu, email=aarthi@example.com, createdAt=2023-11-27T13:24:57.714595, updateAt=2023-11-27T13:24:57.714595, username=newuser, password=$2a$10$XVw8/CM1G/J.5VViotLJz.qMPr8Y/HqpMelqZ5SnF5/cMrEWwOQqG, role=ROLE_ADMIN)
13:25:43.345 [http-nio-8080-exec-4] INFO  c.s.S.S.impl.CustomerServiceImpl - CustomerServiceImpl :: createCustomer Service Impl
13:25:43.708 [http-nio-8080-exec-4] INFO  c.s.S.S.impl.CustomerServiceImpl - CustomerServiceImpl :: saved customer 
13:25:43.709 [http-nio-8080-exec-4] INFO  c.s.ScotiaBank.Service.AuditLog - username=Aarthi  action=createCustomer  input=Customer [customerID=1, firstName=Aarthi, lastName=Thirunavukkarasu, emailId=aarthithirunavukkarasu22@gmail.com, sin=123-456-787, address=Toronto, postalCode=M5A 1A1, phoneNumber=(123)4567890, accounts=null]  timeStamp=1701109543708  comments=success
13:25:51.968 [http-nio-8080-exec-5] INFO  c.s.S.S.i.CustomUserDetailsServiceImpl -  user loadUserByUsernameUser(id=9, firstName=Aarthi, lastName=Thirunavukkarasu, email=aarthi@example.com, createdAt=2023-11-27T13:24:57.714595, updateAt=2023-11-27T13:24:57.714595, username=newuser, password=$2a$10$XVw8/CM1G/J.5VViotLJz.qMPr8Y/HqpMelqZ5SnF5/cMrEWwOQqG, role=ROLE_ADMIN)
13:25:51.977 [http-nio-8080-exec-5] INFO  c.s.S.S.impl.CustomerServiceImpl - CustomerServiceImpl :: createCustomer Service Impl
13:25:52.164 [http-nio-8080-exec-5] INFO  c.s.S.S.impl.CustomerServiceImpl - CustomerServiceImpl :: saved customer 
13:25:52.164 [http-nio-8080-exec-5] INFO  c.s.ScotiaBank.Service.AuditLog - username=Aarthi  action=createCustomer  input=Customer [customerID=1, firstName=Aarthi, lastName=Thirunavukkarasu, emailId=aarthithirunavukkarasu22@gmail.com, sin=123-456-787, address=Toronto, postalCode=M5A 1A1, phoneNumber=(123)4567890, accounts=null]  timeStamp=1701109552164  comments=success
13:28:34.098 [http-nio-8080-exec-2] INFO  c.s.S.S.i.CustomUserDetailsServiceImpl -  user loadUserByUsernameUser(id=9, firstName=Aarthi, lastName=Thirunavukkarasu, email=aarthi@example.com, createdAt=2023-11-27T13:24:57.714595, updateAt=2023-11-27T13:24:57.714595, username=newuser, password=$2a$10$XVw8/CM1G/J.5VViotLJz.qMPr8Y/HqpMelqZ5SnF5/cMrEWwOQqG, role=ROLE_ADMIN)
13:28:34.114 [http-nio-8080-exec-2] INFO  c.s.S.S.impl.CustomerServiceImpl - CustomerServiceImpl :: createCustomer Service Impl
13:28:34.117 [http-nio-8080-exec-2] ERROR c.s.S.S.impl.CustomerServiceImpl - CustomerServiceImpl ::createcustomerorg.springframework.orm.jpa.JpaSystemException: Specified result type [boolean] did not match Query selection type [com.scotiaBank.ScotiaBank.Entity.CustomerEntity] - multiple selections: use Tuple or array
13:28:34.118 [http-nio-8080-exec-2] INFO  c.s.ScotiaBank.Service.AuditLog - username=null  action=createCustomer  input=Customer [customerID=1, firstName=Aarthi, lastName=Thirunavukkarasu, emailId=aarthithirunavukkarasu22@gmail.com, sin=123-456-787, address=Toronto, postalCode=M5A 1A1, phoneNumber=(123)4567890, accounts=null]  timeStamp=1701109714117  comments=success
13:29:06.928 [http-nio-8080-exec-3] INFO  c.s.S.S.i.CustomUserDetailsServiceImpl -  user loadUserByUsernameUser(id=9, firstName=Aarthi, lastName=Thirunavukkarasu, email=aarthi@example.com, createdAt=2023-11-27T13:24:57.714595, updateAt=2023-11-27T13:24:57.714595, username=newuser, password=$2a$10$XVw8/CM1G/J.5VViotLJz.qMPr8Y/HqpMelqZ5SnF5/cMrEWwOQqG, role=ROLE_ADMIN)
13:29:06.934 [http-nio-8080-exec-3] INFO  c.s.S.S.impl.CustomerServiceImpl - CustomerServiceImpl :: createCustomer Service Impl
13:29:06.935 [http-nio-8080-exec-3] ERROR c.s.S.S.impl.CustomerServiceImpl - CustomerServiceImpl ::createcustomerorg.springframework.orm.jpa.JpaSystemException: Specified result type [boolean] did not match Query selection type [com.scotiaBank.ScotiaBank.Entity.CustomerEntity] - multiple selections: use Tuple or array
13:29:06.935 [http-nio-8080-exec-3] INFO  c.s.ScotiaBank.Service.AuditLog - username=null  action=createCustomer  input=Customer [customerID=1, firstName=Aarthi, lastName=Thirunavukkarasu, emailId=aarthithirunavukkarasu22@gmail.com, sin=123-456-798, address=Toronto, postalCode=M5A 1A1, phoneNumber=(123)4567890, accounts=null]  timeStamp=1701109746935  comments=success
13:30:01.439 [scheduling-1] INFO  c.s.ScotiaBank.Service.AuditLog - username=BatchJob  action=updating interest  input=1033050800  timeStamp=1701109801438  comments=Updating Balance 8337.65625
13:31:00.753 [http-nio-8080-exec-2] INFO  c.s.S.S.i.CustomUserDetailsServiceImpl -  user loadUserByUsernameUser(id=9, firstName=Aarthi, lastName=Thirunavukkarasu, email=aarthi@example.com, createdAt=2023-11-27T13:24:57.714595, updateAt=2023-11-27T13:24:57.714595, username=newuser, password=$2a$10$XVw8/CM1G/J.5VViotLJz.qMPr8Y/HqpMelqZ5SnF5/cMrEWwOQqG, role=ROLE_ADMIN)
13:31:00.767 [http-nio-8080-exec-2] INFO  c.s.S.S.impl.CustomerServiceImpl - CustomerServiceImpl :: createCustomer Service Impl
13:31:00.970 [http-nio-8080-exec-2] INFO  c.s.S.S.impl.CustomerServiceImpl - CustomerServiceImpl :: saved customer 
13:31:00.972 [http-nio-8080-exec-2] INFO  c.s.ScotiaBank.Service.AuditLog - username=Aarthi  action=createCustomer  input=Customer [customerID=1, firstName=Aarthi, lastName=Thirunavukkarasu, emailId=aarthithirunavukkarasu22@gmail.com, sin=123-456-798, address=Toronto, postalCode=M5A 1A1, phoneNumber=(123)4567890, accounts=null]  timeStamp=1701109860971  comments=success
13:31:22.621 [http-nio-8080-exec-2] INFO  c.s.S.S.i.CustomUserDetailsServiceImpl -  user loadUserByUsernameUser(id=9, firstName=Aarthi, lastName=Thirunavukkarasu, email=aarthi@example.com, createdAt=2023-11-27T13:24:57.714595, updateAt=2023-11-27T13:24:57.714595, username=newuser, password=$2a$10$XVw8/CM1G/J.5VViotLJz.qMPr8Y/HqpMelqZ5SnF5/cMrEWwOQqG, role=ROLE_ADMIN)
13:31:22.638 [http-nio-8080-exec-2] INFO  c.s.S.S.impl.CustomerServiceImpl - CustomerServiceImpl :: createCustomer Service Impl
13:31:22.686 [http-nio-8080-exec-2] INFO  c.s.S.S.impl.CustomerServiceImpl - CustomerServiceImpl :: createCustomer  sin exists
13:31:22.688 [http-nio-8080-exec-2] INFO  c.s.ScotiaBank.Service.AuditLog - username=CustomerController::createCustomer  action=CustomerAlreadyExistsException  input=Customer [customerID=1, firstName=Aarthi, lastName=Thirunavukkarasu, emailId=aarthithirunavukkarasu22@gmail.com, sin=123-456-798, address=Toronto, postalCode=M5A 1A1, phoneNumber=(123)4567890, accounts=null]  timeStamp=1701109882687  comments=failed
13:31:30.821 [http-nio-8080-exec-4] INFO  c.s.S.S.i.CustomUserDetailsServiceImpl -  user loadUserByUsernameUser(id=9, firstName=Aarthi, lastName=Thirunavukkarasu, email=aarthi@example.com, createdAt=2023-11-27T13:24:57.714595, updateAt=2023-11-27T13:24:57.714595, username=newuser, password=$2a$10$XVw8/CM1G/J.5VViotLJz.qMPr8Y/HqpMelqZ5SnF5/cMrEWwOQqG, role=ROLE_ADMIN)
13:31:30.833 [http-nio-8080-exec-4] INFO  c.s.S.S.impl.CustomerServiceImpl - CustomerServiceImpl :: createCustomer Service Impl
13:31:30.910 [http-nio-8080-exec-4] INFO  c.s.S.S.impl.CustomerServiceImpl - CustomerServiceImpl :: createCustomer  sin exists
13:31:30.910 [http-nio-8080-exec-4] INFO  c.s.ScotiaBank.Service.AuditLog - username=CustomerController::createCustomer  action=CustomerAlreadyExistsException  input=Customer [customerID=1, firstName=Aarthi, lastName=Thirunavukkarasu, emailId=aarthithirunavukkarasu22@gmail.com, sin=123-456-700, address=Toronto, postalCode=M5A 1A1, phoneNumber=(123)4567890, accounts=null]  timeStamp=1701109890910  comments=failed
13:33:07.338 [http-nio-8080-exec-2] INFO  c.s.S.S.i.CustomUserDetailsServiceImpl -  user loadUserByUsernameUser(id=9, firstName=Aarthi, lastName=Thirunavukkarasu, email=aarthi@example.com, createdAt=2023-11-27T13:24:57.714595, updateAt=2023-11-27T13:24:57.714595, username=newuser, password=$2a$10$XVw8/CM1G/J.5VViotLJz.qMPr8Y/HqpMelqZ5SnF5/cMrEWwOQqG, role=ROLE_ADMIN)
13:33:07.352 [http-nio-8080-exec-2] INFO  c.s.S.S.impl.CustomerServiceImpl - CustomerServiceImpl :: createCustomer Service Impl
13:33:07.354 [http-nio-8080-exec-2] ERROR c.s.S.S.impl.CustomerServiceImpl - CustomerServiceImpl ::createcustomerorg.springframework.orm.jpa.JpaSystemException: Specified result type [boolean] did not match Query selection type [com.scotiaBank.ScotiaBank.Entity.CustomerEntity] - multiple selections: use Tuple or array
13:33:07.355 [http-nio-8080-exec-2] INFO  c.s.ScotiaBank.Service.AuditLog - username=null  action=createCustomer  input=Customer [customerID=1, firstName=Aarthi, lastName=Thirunavukkarasu, emailId=aarthithirunavukkarasu22@gmail.com, sin=123-456-700, address=Toronto, postalCode=M5A 1A1, phoneNumber=(123)4567890, accounts=null]  timeStamp=1701109987354  comments=success
13:37:24.003 [http-nio-8080-exec-1] INFO  c.s.S.S.i.CustomUserDetailsServiceImpl -  user loadUserByUsernameUser(id=9, firstName=Aarthi, lastName=Thirunavukkarasu, email=aarthi@example.com, createdAt=2023-11-27T13:24:57.714595, updateAt=2023-11-27T13:24:57.714595, username=newuser, password=$2a$10$XVw8/CM1G/J.5VViotLJz.qMPr8Y/HqpMelqZ5SnF5/cMrEWwOQqG, role=ROLE_ADMIN)
13:37:24.018 [http-nio-8080-exec-1] INFO  c.s.S.S.impl.CustomerServiceImpl - CustomerServiceImpl :: createCustomer Service Impl
13:37:24.072 [http-nio-8080-exec-1] ERROR c.s.S.S.impl.CustomerServiceImpl - CustomerServiceImpl ::createcustomerjava.lang.NullPointerException: Cannot invoke "com.scotiaBank.ScotiaBank.Entity.CustomerEntity.setSin(String)" because "addcustomer" is null
13:37:24.073 [http-nio-8080-exec-1] INFO  c.s.ScotiaBank.Service.AuditLog - username=null  action=createCustomer  input=Customer [customerID=1, firstName=Aarthi, lastName=Thirunavukkarasu, emailId=aarthithirunavukkarasu22@gmail.com, sin=123-456-700, address=Toronto, postalCode=M5A 1A1, phoneNumber=(123)4567890, accounts=null]  timeStamp=1701110244072  comments=success
13:39:17.892 [http-nio-8080-exec-2] INFO  c.s.S.S.i.CustomUserDetailsServiceImpl -  user loadUserByUsernameUser(id=9, firstName=Aarthi, lastName=Thirunavukkarasu, email=aarthi@example.com, createdAt=2023-11-27T13:24:57.714595, updateAt=2023-11-27T13:24:57.714595, username=newuser, password=$2a$10$XVw8/CM1G/J.5VViotLJz.qMPr8Y/HqpMelqZ5SnF5/cMrEWwOQqG, role=ROLE_ADMIN)
13:39:17.915 [http-nio-8080-exec-2] INFO  c.s.S.S.impl.CustomerServiceImpl - CustomerServiceImpl :: createCustomer Service Impl
13:39:17.970 [http-nio-8080-exec-2] ERROR c.s.S.S.impl.CustomerServiceImpl - CustomerServiceImpl ::createcustomerjava.lang.NullPointerException: Cannot invoke "com.scotiaBank.ScotiaBank.Entity.CustomerEntity.setSin(String)" because "addcustomer" is null
13:39:17.971 [http-nio-8080-exec-2] INFO  c.s.ScotiaBank.Service.AuditLog - username=null  action=createCustomer  input=Customer [customerID=1, firstName=Aarthi, lastName=Thirunavukkarasu, emailId=aarthithirunavukkarasu22@gmail.com, sin=123-456-700, address=Toronto, postalCode=M5A 1A1, phoneNumber=(123)4567890, accounts=null]  timeStamp=1701110357970  comments=success
13:40:04.280 [http-nio-8080-exec-2] INFO  c.s.S.S.i.CustomUserDetailsServiceImpl -  user loadUserByUsernameUser(id=9, firstName=Aarthi, lastName=Thirunavukkarasu, email=aarthi@example.com, createdAt=2023-11-27T13:24:57.714595, updateAt=2023-11-27T13:24:57.714595, username=newuser, password=$2a$10$XVw8/CM1G/J.5VViotLJz.qMPr8Y/HqpMelqZ5SnF5/cMrEWwOQqG, role=ROLE_ADMIN)
13:40:04.295 [http-nio-8080-exec-2] INFO  c.s.S.S.impl.CustomerServiceImpl - CustomerServiceImpl :: createCustomer Service Impl
13:40:04.500 [http-nio-8080-exec-2] INFO  c.s.S.S.impl.CustomerServiceImpl - CustomerServiceImpl :: saved customer 
13:40:04.501 [http-nio-8080-exec-2] INFO  c.s.ScotiaBank.Service.AuditLog - username=Aarthi  action=createCustomer  input=Customer [customerID=1, firstName=Aarthi, lastName=Thirunavukkarasu, emailId=aarthithirunavukkarasu22@gmail.com, sin=123-456-700, address=Toronto, postalCode=M5A 1A1, phoneNumber=(123)4567890, accounts=null]  timeStamp=1701110404500  comments=success
13:40:08.228 [http-nio-8080-exec-3] INFO  c.s.S.S.i.CustomUserDetailsServiceImpl -  user loadUserByUsernameUser(id=9, firstName=Aarthi, lastName=Thirunavukkarasu, email=aarthi@example.com, createdAt=2023-11-27T13:24:57.714595, updateAt=2023-11-27T13:24:57.714595, username=newuser, password=$2a$10$XVw8/CM1G/J.5VViotLJz.qMPr8Y/HqpMelqZ5SnF5/cMrEWwOQqG, role=ROLE_ADMIN)
13:40:08.235 [http-nio-8080-exec-3] INFO  c.s.S.S.impl.CustomerServiceImpl - CustomerServiceImpl :: createCustomer Service Impl
13:40:08.428 [http-nio-8080-exec-3] INFO  c.s.S.S.impl.CustomerServiceImpl - CustomerServiceImpl :: saved customer 
13:40:08.428 [http-nio-8080-exec-3] INFO  c.s.ScotiaBank.Service.AuditLog - username=Aarthi  action=createCustomer  input=Customer [customerID=1, firstName=Aarthi, lastName=Thirunavukkarasu, emailId=aarthithirunavukkarasu22@gmail.com, sin=123-456-700, address=Toronto, postalCode=M5A 1A1, phoneNumber=(123)4567890, accounts=null]  timeStamp=1701110408428  comments=success
13:40:10.280 [http-nio-8080-exec-4] INFO  c.s.S.S.i.CustomUserDetailsServiceImpl -  user loadUserByUsernameUser(id=9, firstName=Aarthi, lastName=Thirunavukkarasu, email=aarthi@example.com, createdAt=2023-11-27T13:24:57.714595, updateAt=2023-11-27T13:24:57.714595, username=newuser, password=$2a$10$XVw8/CM1G/J.5VViotLJz.qMPr8Y/HqpMelqZ5SnF5/cMrEWwOQqG, role=ROLE_ADMIN)
13:40:10.287 [http-nio-8080-exec-4] INFO  c.s.S.S.impl.CustomerServiceImpl - CustomerServiceImpl :: createCustomer Service Impl
13:40:10.478 [http-nio-8080-exec-4] INFO  c.s.S.S.impl.CustomerServiceImpl - CustomerServiceImpl :: saved customer 
13:40:10.478 [http-nio-8080-exec-4] INFO  c.s.ScotiaBank.Service.AuditLog - username=Aarthi  action=createCustomer  input=Customer [customerID=1, firstName=Aarthi, lastName=Thirunavukkarasu, emailId=aarthithirunavukkarasu22@gmail.com, sin=123-456-700, address=Toronto, postalCode=M5A 1A1, phoneNumber=(123)4567890, accounts=null]  timeStamp=1701110410478  comments=success
13:40:53.710 [http-nio-8080-exec-1] INFO  c.s.S.S.i.CustomUserDetailsServiceImpl -  user loadUserByUsernameUser(id=9, firstName=Aarthi, lastName=Thirunavukkarasu, email=aarthi@example.com, createdAt=2023-11-27T13:24:57.714595, updateAt=2023-11-27T13:24:57.714595, username=newuser, password=$2a$10$XVw8/CM1G/J.5VViotLJz.qMPr8Y/HqpMelqZ5SnF5/cMrEWwOQqG, role=ROLE_ADMIN)
13:40:53.722 [http-nio-8080-exec-1] INFO  c.s.S.S.impl.CustomerServiceImpl - CustomerServiceImpl :: createCustomer Service Impl
13:40:53.925 [http-nio-8080-exec-1] INFO  c.s.S.S.impl.CustomerServiceImpl - CustomerServiceImpl :: saved customer 
13:40:53.926 [http-nio-8080-exec-1] INFO  c.s.ScotiaBank.Service.AuditLog - username=Aarthi  action=createCustomer  input=Customer [customerID=1, firstName=Aarthi, lastName=Thirunavukkarasu, emailId=aarthithirunavukkarasu22@gmail.com, sin=123-456-700, address=Toronto, postalCode=M5A 1A1, phoneNumber=(123)4567890, accounts=null]  timeStamp=1701110453925  comments=success
13:41:50.449 [http-nio-8080-exec-3] INFO  c.s.S.S.i.CustomUserDetailsServiceImpl -  user loadUserByUsernameUser(id=9, firstName=Aarthi, lastName=Thirunavukkarasu, email=aarthi@example.com, createdAt=2023-11-27T13:24:57.714595, updateAt=2023-11-27T13:24:57.714595, username=newuser, password=$2a$10$XVw8/CM1G/J.5VViotLJz.qMPr8Y/HqpMelqZ5SnF5/cMrEWwOQqG, role=ROLE_ADMIN)
13:41:50.625 [http-nio-8080-exec-3] INFO  c.s.S.S.impl.AccountServiceImpl - AccountServiceImpl::addAccount true
13:41:50.780 [http-nio-8080-exec-3] INFO  c.s.ScotiaBank.Service.AuditLog - username=null  action=addAccount  input=Account(accountID=0, accountNumber=string, balance=0.0, openDate=string, customerID=0, username=aarthi)  timeStamp=1701110510777  comments=success
13:42:44.212 [http-nio-8080-exec-3] INFO  c.s.S.S.i.CustomUserDetailsServiceImpl -  user loadUserByUsernameUser(id=9, firstName=Aarthi, lastName=Thirunavukkarasu, email=aarthi@example.com, createdAt=2023-11-27T13:24:57.714595, updateAt=2023-11-27T13:24:57.714595, username=newuser, password=$2a$10$XVw8/CM1G/J.5VViotLJz.qMPr8Y/HqpMelqZ5SnF5/cMrEWwOQqG, role=ROLE_ADMIN)
13:42:44.267 [http-nio-8080-exec-3] INFO  c.s.S.S.impl.AccountServiceImpl - AccountServiceImpl::addAccount true
13:42:44.352 [http-nio-8080-exec-3] INFO  c.s.ScotiaBank.Service.AuditLog - username=null  action=addAccount  input=Account(accountID=0, accountNumber=string, balance=0.0, openDate=string, customerID=0, username=aarthi)  timeStamp=1701110564351  comments=success
13:42:46.886 [http-nio-8080-exec-5] INFO  c.s.S.S.i.CustomUserDetailsServiceImpl -  user loadUserByUsernameUser(id=9, firstName=Aarthi, lastName=Thirunavukkarasu, email=aarthi@example.com, createdAt=2023-11-27T13:24:57.714595, updateAt=2023-11-27T13:24:57.714595, username=newuser, password=$2a$10$XVw8/CM1G/J.5VViotLJz.qMPr8Y/HqpMelqZ5SnF5/cMrEWwOQqG, role=ROLE_ADMIN)
13:42:46.939 [http-nio-8080-exec-5] INFO  c.s.S.S.impl.AccountServiceImpl - AccountServiceImpl::addAccount true
13:42:47.018 [http-nio-8080-exec-5] INFO  c.s.ScotiaBank.Service.AuditLog - username=null  action=addAccount  input=Account(accountID=0, accountNumber=string, balance=0.0, openDate=string, customerID=0, username=aarthi)  timeStamp=1701110567018  comments=success
13:42:51.325 [http-nio-8080-exec-6] INFO  c.s.S.S.i.CustomUserDetailsServiceImpl -  user loadUserByUsernameUser(id=9, firstName=Aarthi, lastName=Thirunavukkarasu, email=aarthi@example.com, createdAt=2023-11-27T13:24:57.714595, updateAt=2023-11-27T13:24:57.714595, username=newuser, password=$2a$10$XVw8/CM1G/J.5VViotLJz.qMPr8Y/HqpMelqZ5SnF5/cMrEWwOQqG, role=ROLE_ADMIN)
13:42:51.374 [http-nio-8080-exec-6] INFO  c.s.S.S.impl.AccountServiceImpl - AccountServiceImpl::addAccount true
13:42:51.458 [http-nio-8080-exec-6] INFO  c.s.ScotiaBank.Service.AuditLog - username=null  action=addAccount  input=Account(accountID=0, accountNumber=string, balance=0.0, openDate=string, customerID=0, username=aarthi)  timeStamp=1701110571458  comments=success
13:43:00.324 [http-nio-8080-exec-4] INFO  c.s.S.S.i.CustomUserDetailsServiceImpl -  user loadUserByUsernameUser(id=5, firstName=John, lastName=Doe, email=joh.doe@example.com, createdAt=null, updateAt=2023-11-26T22:05:37.570018, username=hello1, password=$2a$10$44zmPSydl3kn7QLlH.7UmOuovtHlGHbAIc6PxgQ1bk0IFnJRaSASS, role=ROLE_USER)
13:43:00.333 [http-nio-8080-exec-4] INFO  c.s.S.S.impl.AccountServiceImpl - AccountServiceImpl::getAccountDetails 
13:43:00.383 [http-nio-8080-exec-4] INFO  c.s.ScotiaBank.Service.AuditLog - username=AccountController::getAccountDetails  action=AccessDeniedException  input=1033050800  timeStamp=1701110580383  comments=failed
13:43:13.949 [http-nio-8080-exec-7] INFO  c.s.S.S.i.CustomUserDetailsServiceImpl -  user loadUserByUsernameUser(id=9, firstName=Aarthi, lastName=Thirunavukkarasu, email=aarthi@example.com, createdAt=2023-11-27T13:24:57.714595, updateAt=2023-11-27T13:24:57.714595, username=newuser, password=$2a$10$XVw8/CM1G/J.5VViotLJz.qMPr8Y/HqpMelqZ5SnF5/cMrEWwOQqG, role=ROLE_ADMIN)
13:43:13.957 [http-nio-8080-exec-7] INFO  c.s.S.S.impl.AccountServiceImpl - AccountServiceImpl::getAccountDetails 
13:43:14.002 [http-nio-8080-exec-7] INFO  c.s.ScotiaBank.Service.AuditLog - username=null  action=getAccountDetails  input=1033050800  timeStamp=1701110594002  comments=success
13:43:26.533 [http-nio-8080-exec-9] INFO  c.s.S.S.i.CustomUserDetailsServiceImpl -  user loadUserByUsernameUser(id=9, firstName=Aarthi, lastName=Thirunavukkarasu, email=aarthi@example.com, createdAt=2023-11-27T13:24:57.714595, updateAt=2023-11-27T13:24:57.714595, username=newuser, password=$2a$10$XVw8/CM1G/J.5VViotLJz.qMPr8Y/HqpMelqZ5SnF5/cMrEWwOQqG, role=ROLE_ADMIN)
13:43:26.604 [http-nio-8080-exec-9] INFO  c.s.S.S.impl.TransactionServiceImpl - TransactionServiceImplcom.scotiaBank.ScotiaBank.Entity.AccountEntity@64b68aad
13:43:26.714 [http-nio-8080-exec-9] ERROR c.s.S.S.impl.TransactionServiceImpl - TransactionServiceImplorg.springframework.mail.MailSendException: Mail server connection failed. Failed messages: org.eclipse.angus.mail.util.MailConnectException: Couldn't connect to host, port: localhost, 25; timeout -1;
  nested exception is:
	java.net.ConnectException: Connection refused: connect; message exceptions (1) are:
Failed message 1: org.eclipse.angus.mail.util.MailConnectException: Couldn't connect to host, port: localhost, 25; timeout -1;
  nested exception is:
	java.net.ConnectException: Connection refused: connect
13:43:26.719 [http-nio-8080-exec-9] INFO  c.s.ScotiaBank.Service.AuditLog - username=Transactions(id=90035971, transactionType=deposit, amount=9337.65625, transactionTimeStamp=Mon Nov 27 13:43:26 EST 2023, accountID=1033050800, inFlowAmount=1000.0, outFlowAmount=0.0, username=art)  action=performTransaction  input=Transactions(id=0, transactionType=deposit, amount=1000.0, transactionTimeStamp=string, accountID=1033050800, inFlowAmount=100.0, outFlowAmount=0.0, username=art)  timeStamp=1701110606719  comments=success
13:43:36.339 [http-nio-8080-exec-10] INFO  c.s.S.S.i.CustomUserDetailsServiceImpl -  user loadUserByUsernameUser(id=9, firstName=Aarthi, lastName=Thirunavukkarasu, email=aarthi@example.com, createdAt=2023-11-27T13:24:57.714595, updateAt=2023-11-27T13:24:57.714595, username=newuser, password=$2a$10$XVw8/CM1G/J.5VViotLJz.qMPr8Y/HqpMelqZ5SnF5/cMrEWwOQqG, role=ROLE_ADMIN)
13:43:36.403 [http-nio-8080-exec-10] INFO  c.s.S.S.impl.TransactionServiceImpl - TransactionServiceImplcom.scotiaBank.ScotiaBank.Entity.AccountEntity@313ecaad
13:43:36.406 [http-nio-8080-exec-10] ERROR c.s.S.S.impl.TransactionServiceImpl - TransactionServiceImplorg.springframework.mail.MailSendException: Mail server connection failed. Failed messages: org.eclipse.angus.mail.util.MailConnectException: Couldn't connect to host, port: localhost, 25; timeout -1;
  nested exception is:
	java.net.ConnectException: Connection refused: connect; message exceptions (1) are:
Failed message 1: org.eclipse.angus.mail.util.MailConnectException: Couldn't connect to host, port: localhost, 25; timeout -1;
  nested exception is:
	java.net.ConnectException: Connection refused: connect
13:43:36.407 [http-nio-8080-exec-10] INFO  c.s.ScotiaBank.Service.AuditLog - username=Transactions(id=42440067, transactionType=deposit, amount=10337.65625, transactionTimeStamp=Mon Nov 27 13:43:36 EST 2023, accountID=1033050800, inFlowAmount=1000.0, outFlowAmount=0.0, username=art)  action=performTransaction  input=Transactions(id=0, transactionType=deposit, amount=1000.0, transactionTimeStamp=string, accountID=1033050800, inFlowAmount=100.0, outFlowAmount=0.0, username=art)  timeStamp=1701110616407  comments=success
13:43:43.020 [http-nio-8080-exec-1] INFO  c.s.S.S.i.CustomUserDetailsServiceImpl -  user loadUserByUsernameUser(id=7, firstName=Aarthi, lastName=Thirunavukkarasu, email=aarthi@example.com, createdAt=2023-11-27T02:58:51.465574, updateAt=2023-11-27T02:58:51.465574, username=aarthi, password=$2a$10$KwJav5Q3OccLq8hLIe6I7OAfEVtr9e41gfXsvAasSI2Mm9vihQA1m, role=ROLE_ADMIN)
13:43:43.171 [http-nio-8080-exec-1] INFO  c.s.ScotiaBank.Service.AuditLog - username=[Transactions(id=13582423, transactionType=deposit, amount=1000.0, transactionTimeStamp=Mon Nov 27 05:26:23 EST 2023, accountID=1033050800, inFlowAmount=1000.0, outFlowAmount=0.0, username=null), Transactions(id=79695529, transactionType=deposit, amount=2000.0, transactionTimeStamp=Mon Nov 27 05:31:04 EST 2023, accountID=1033050800, inFlowAmount=1000.0, outFlowAmount=0.0, username=null), Transactions(id=35293788, transactionType=deposit, amount=3000.0, transactionTimeStamp=Mon Nov 27 05:32:24 EST 2023, accountID=1033050800, inFlowAmount=1000.0, outFlowAmount=0.0, username=null), Transactions(id=80736245, transactionType=deposit, amount=4000.0, transactionTimeStamp=Mon Nov 27 05:32:42 EST 2023, accountID=1033050800, inFlowAmount=1000.0, outFlowAmount=0.0, username=null), Transactions(id=35524955, transactionType=deposit, amount=5000.0, transactionTimeStamp=Mon Nov 27 05:33:16 EST 2023, accountID=1033050800, inFlowAmount=1000.0, outFlowAmount=0.0, username=null), Transactions(id=17725708, transactionType=deposit, amount=6250.0, transactionTimeStamp=Mon Nov 27 05:40:41 EST 2023, accountID=1033050800, inFlowAmount=1000.0, outFlowAmount=0.0, username=null), Transactions(id=52894892, transactionType=deposit, amount=7562.5, transactionTimeStamp=Mon Nov 27 11:57:51 EST 2023, accountID=1033050800, inFlowAmount=1000.0, outFlowAmount=0.0, username=null), Transactions(id=90035971, transactionType=deposit, amount=9337.65625, transactionTimeStamp=Mon Nov 27 13:43:26 EST 2023, accountID=1033050800, inFlowAmount=1000.0, outFlowAmount=0.0, username=null), Transactions(id=42440067, transactionType=deposit, amount=10337.65625, transactionTimeStamp=Mon Nov 27 13:43:36 EST 2023, accountID=1033050800, inFlowAmount=1000.0, outFlowAmount=0.0, username=null)]  action=createCustomer  input=1033050800  timeStamp=1701110623171  comments=success
13:44:22.636 [http-nio-8080-exec-2] INFO  c.s.S.S.i.CustomUserDetailsServiceImpl -  user loadUserByUsernameUser(id=9, firstName=Aarthi, lastName=Thirunavukkarasu, email=aarthi@example.com, createdAt=2023-11-27T13:24:57.714595, updateAt=2023-11-27T13:24:57.714595, username=newuser, password=$2a$10$XVw8/CM1G/J.5VViotLJz.qMPr8Y/HqpMelqZ5SnF5/cMrEWwOQqG, role=ROLE_ADMIN)
13:44:22.736 [http-nio-8080-exec-2] INFO  c.s.S.S.impl.TransactionServiceImpl - TransactionServiceImplcom.scotiaBank.ScotiaBank.Entity.AccountEntity@73c44fd6
13:44:22.744 [http-nio-8080-exec-2] ERROR c.s.S.S.impl.TransactionServiceImpl - TransactionServiceImplorg.springframework.mail.MailSendException: Mail server connection failed. Failed messages: org.eclipse.angus.mail.util.MailConnectException: Couldn't connect to host, port: localhost, 25; timeout -1;
  nested exception is:
	java.net.ConnectException: Connection refused: connect; message exceptions (1) are:
Failed message 1: org.eclipse.angus.mail.util.MailConnectException: Couldn't connect to host, port: localhost, 25; timeout -1;
  nested exception is:
	java.net.ConnectException: Connection refused: connect
13:44:22.745 [http-nio-8080-exec-2] INFO  c.s.ScotiaBank.Service.AuditLog - username=Transactions(id=55934215, transactionType=deposit, amount=11337.65625, transactionTimeStamp=Mon Nov 27 13:44:22 EST 2023, accountID=1033050800, inFlowAmount=1000.0, outFlowAmount=0.0, username=art)  action=performTransaction  input=Transactions(id=0, transactionType=deposit, amount=1000.0, transactionTimeStamp=string, accountID=1033050800, inFlowAmount=100.0, outFlowAmount=0.0, username=art)  timeStamp=1701110662745  comments=success
